{"C:\\Users\\rainv\\Desktop\\Testing I\\clase 18 - 07 abril de 2022\\mdt18\\calculadora_orig\\funcionalidad.js": {"path":"C:\\Users\\rainv\\Desktop\\Testing I\\clase 18 - 07 abril de 2022\\mdt18\\calculadora_orig\\funcionalidad.js","statementMap":{"0":{"start":{"line":8,"column":18},"end":{"line":8,"column":54}},"1":{"start":{"line":9,"column":14},"end":{"line":9,"column":46}},"2":{"start":{"line":10,"column":13},"end":{"line":10,"column":44}},"3":{"start":{"line":11,"column":14},"end":{"line":11,"column":46}},"4":{"start":{"line":12,"column":23},"end":{"line":12,"column":64}},"5":{"start":{"line":13,"column":17},"end":{"line":13,"column":52}},"6":{"start":{"line":14,"column":14},"end":{"line":14,"column":46}},"7":{"start":{"line":15,"column":12},"end":{"line":15,"column":42}},"8":{"start":{"line":16,"column":12},"end":{"line":16,"column":42}},"9":{"start":{"line":17,"column":13},"end":{"line":17,"column":44}},"10":{"start":{"line":18,"column":15},"end":{"line":18,"column":48}},"11":{"start":{"line":19,"column":14},"end":{"line":19,"column":46}},"12":{"start":{"line":20,"column":13},"end":{"line":20,"column":44}},"13":{"start":{"line":21,"column":14},"end":{"line":21,"column":46}},"14":{"start":{"line":22,"column":13},"end":{"line":22,"column":44}},"15":{"start":{"line":23,"column":14},"end":{"line":23,"column":46}},"16":{"start":{"line":24,"column":13},"end":{"line":24,"column":44}},"17":{"start":{"line":27,"column":2},"end":{"line":29,"column":3}},"18":{"start":{"line":28,"column":6},"end":{"line":28,"column":59}},"19":{"start":{"line":30,"column":2},"end":{"line":32,"column":3}},"20":{"start":{"line":31,"column":6},"end":{"line":31,"column":59}},"21":{"start":{"line":33,"column":2},"end":{"line":35,"column":3}},"22":{"start":{"line":34,"column":6},"end":{"line":34,"column":59}},"23":{"start":{"line":36,"column":2},"end":{"line":38,"column":3}},"24":{"start":{"line":37,"column":6},"end":{"line":37,"column":59}},"25":{"start":{"line":39,"column":2},"end":{"line":41,"column":3}},"26":{"start":{"line":40,"column":6},"end":{"line":40,"column":59}},"27":{"start":{"line":42,"column":2},"end":{"line":44,"column":3}},"28":{"start":{"line":43,"column":6},"end":{"line":43,"column":59}},"29":{"start":{"line":45,"column":2},"end":{"line":47,"column":3}},"30":{"start":{"line":46,"column":6},"end":{"line":46,"column":59}},"31":{"start":{"line":48,"column":2},"end":{"line":50,"column":3}},"32":{"start":{"line":49,"column":6},"end":{"line":49,"column":59}},"33":{"start":{"line":51,"column":2},"end":{"line":53,"column":3}},"34":{"start":{"line":52,"column":6},"end":{"line":52,"column":59}},"35":{"start":{"line":54,"column":2},"end":{"line":56,"column":3}},"36":{"start":{"line":55,"column":6},"end":{"line":55,"column":59}},"37":{"start":{"line":57,"column":2},"end":{"line":59,"column":3}},"38":{"start":{"line":58,"column":6},"end":{"line":58,"column":17}},"39":{"start":{"line":60,"column":2},"end":{"line":64,"column":3}},"40":{"start":{"line":61,"column":6},"end":{"line":61,"column":40}},"41":{"start":{"line":62,"column":6},"end":{"line":62,"column":22}},"42":{"start":{"line":63,"column":6},"end":{"line":63,"column":16}},"43":{"start":{"line":65,"column":2},"end":{"line":69,"column":3}},"44":{"start":{"line":66,"column":6},"end":{"line":66,"column":40}},"45":{"start":{"line":67,"column":6},"end":{"line":67,"column":22}},"46":{"start":{"line":68,"column":6},"end":{"line":68,"column":16}},"47":{"start":{"line":70,"column":2},"end":{"line":74,"column":3}},"48":{"start":{"line":71,"column":6},"end":{"line":71,"column":40}},"49":{"start":{"line":72,"column":6},"end":{"line":72,"column":22}},"50":{"start":{"line":73,"column":6},"end":{"line":73,"column":16}},"51":{"start":{"line":75,"column":2},"end":{"line":79,"column":3}},"52":{"start":{"line":76,"column":6},"end":{"line":76,"column":40}},"53":{"start":{"line":77,"column":6},"end":{"line":77,"column":22}},"54":{"start":{"line":78,"column":6},"end":{"line":78,"column":16}},"55":{"start":{"line":80,"column":2},"end":{"line":83,"column":3}},"56":{"start":{"line":81,"column":6},"end":{"line":81,"column":40}},"57":{"start":{"line":82,"column":6},"end":{"line":82,"column":17}},"58":{"start":{"line":88,"column":2},"end":{"line":88,"column":29}},"59":{"start":{"line":92,"column":2},"end":{"line":92,"column":29}},"60":{"start":{"line":93,"column":2},"end":{"line":93,"column":16}},"61":{"start":{"line":94,"column":2},"end":{"line":94,"column":16}},"62":{"start":{"line":95,"column":2},"end":{"line":95,"column":17}},"63":{"start":{"line":99,"column":12},"end":{"line":99,"column":13}},"64":{"start":{"line":100,"column":2},"end":{"line":113,"column":3}},"65":{"start":{"line":102,"column":6},"end":{"line":102,"column":58}},"66":{"start":{"line":103,"column":6},"end":{"line":103,"column":12}},"67":{"start":{"line":105,"column":8},"end":{"line":105,"column":60}},"68":{"start":{"line":106,"column":8},"end":{"line":106,"column":14}},"69":{"start":{"line":108,"column":6},"end":{"line":108,"column":58}},"70":{"start":{"line":109,"column":6},"end":{"line":109,"column":12}},"71":{"start":{"line":111,"column":6},"end":{"line":111,"column":58}},"72":{"start":{"line":112,"column":6},"end":{"line":112,"column":12}},"73":{"start":{"line":114,"column":2},"end":{"line":114,"column":13}},"74":{"start":{"line":115,"column":2},"end":{"line":115,"column":30}},"75":{"start":{"line":118,"column":0},"end":{"line":118,"column":53}}},"fnMap":{"0":{"name":"init","decl":{"start":{"line":6,"column":9},"end":{"line":6,"column":13}},"loc":{"start":{"line":6,"column":15},"end":{"line":85,"column":1}},"line":6},"1":{"name":"(anonymous_1)","decl":{"start":{"line":27,"column":16},"end":{"line":27,"column":17}},"loc":{"start":{"line":27,"column":27},"end":{"line":29,"column":3}},"line":27},"2":{"name":"(anonymous_2)","decl":{"start":{"line":30,"column":16},"end":{"line":30,"column":17}},"loc":{"start":{"line":30,"column":27},"end":{"line":32,"column":3}},"line":30},"3":{"name":"(anonymous_3)","decl":{"start":{"line":33,"column":17},"end":{"line":33,"column":18}},"loc":{"start":{"line":33,"column":28},"end":{"line":35,"column":3}},"line":33},"4":{"name":"(anonymous_4)","decl":{"start":{"line":36,"column":19},"end":{"line":36,"column":20}},"loc":{"start":{"line":36,"column":30},"end":{"line":38,"column":3}},"line":36},"5":{"name":"(anonymous_5)","decl":{"start":{"line":39,"column":18},"end":{"line":39,"column":19}},"loc":{"start":{"line":39,"column":29},"end":{"line":41,"column":3}},"line":39},"6":{"name":"(anonymous_6)","decl":{"start":{"line":42,"column":17},"end":{"line":42,"column":18}},"loc":{"start":{"line":42,"column":28},"end":{"line":44,"column":3}},"line":42},"7":{"name":"(anonymous_7)","decl":{"start":{"line":45,"column":18},"end":{"line":45,"column":19}},"loc":{"start":{"line":45,"column":29},"end":{"line":47,"column":3}},"line":45},"8":{"name":"(anonymous_8)","decl":{"start":{"line":48,"column":17},"end":{"line":48,"column":18}},"loc":{"start":{"line":48,"column":28},"end":{"line":50,"column":3}},"line":48},"9":{"name":"(anonymous_9)","decl":{"start":{"line":51,"column":18},"end":{"line":51,"column":19}},"loc":{"start":{"line":51,"column":29},"end":{"line":53,"column":3}},"line":51},"10":{"name":"(anonymous_10)","decl":{"start":{"line":54,"column":17},"end":{"line":54,"column":18}},"loc":{"start":{"line":54,"column":28},"end":{"line":56,"column":3}},"line":54},"11":{"name":"(anonymous_11)","decl":{"start":{"line":57,"column":18},"end":{"line":57,"column":19}},"loc":{"start":{"line":57,"column":29},"end":{"line":59,"column":3}},"line":57},"12":{"name":"(anonymous_12)","decl":{"start":{"line":60,"column":17},"end":{"line":60,"column":18}},"loc":{"start":{"line":60,"column":28},"end":{"line":64,"column":3}},"line":60},"13":{"name":"(anonymous_13)","decl":{"start":{"line":65,"column":18},"end":{"line":65,"column":19}},"loc":{"start":{"line":65,"column":29},"end":{"line":69,"column":3}},"line":65},"14":{"name":"(anonymous_14)","decl":{"start":{"line":70,"column":27},"end":{"line":70,"column":28}},"loc":{"start":{"line":70,"column":38},"end":{"line":74,"column":3}},"line":70},"15":{"name":"(anonymous_15)","decl":{"start":{"line":75,"column":21},"end":{"line":75,"column":22}},"loc":{"start":{"line":75,"column":32},"end":{"line":79,"column":3}},"line":75},"16":{"name":"(anonymous_16)","decl":{"start":{"line":80,"column":18},"end":{"line":80,"column":19}},"loc":{"start":{"line":80,"column":29},"end":{"line":83,"column":3}},"line":80},"17":{"name":"limpiar","decl":{"start":{"line":87,"column":9},"end":{"line":87,"column":16}},"loc":{"start":{"line":87,"column":18},"end":{"line":89,"column":1}},"line":87},"18":{"name":"resetear","decl":{"start":{"line":91,"column":9},"end":{"line":91,"column":17}},"loc":{"start":{"line":91,"column":19},"end":{"line":96,"column":1}},"line":91},"19":{"name":"resolver","decl":{"start":{"line":98,"column":9},"end":{"line":98,"column":17}},"loc":{"start":{"line":98,"column":19},"end":{"line":116,"column":1}},"line":98}},"branchMap":{"0":{"loc":{"start":{"line":100,"column":2},"end":{"line":113,"column":3}},"type":"switch","locations":[{"start":{"line":101,"column":4},"end":{"line":103,"column":12}},{"start":{"line":104,"column":4},"end":{"line":106,"column":14}},{"start":{"line":107,"column":4},"end":{"line":109,"column":12}},{"start":{"line":110,"column":4},"end":{"line":112,"column":12}}],"line":100}},"s":{"0":1,"1":1,"2":1,"3":1,"4":1,"5":1,"6":1,"7":1,"8":1,"9":1,"10":1,"11":1,"12":1,"13":1,"14":1,"15":1,"16":1,"17":1,"18":0,"19":1,"20":0,"21":1,"22":0,"23":1,"24":0,"25":1,"26":0,"27":1,"28":0,"29":1,"30":0,"31":1,"32":0,"33":1,"34":0,"35":1,"36":0,"37":1,"38":0,"39":1,"40":0,"41":0,"42":0,"43":1,"44":0,"45":0,"46":0,"47":1,"48":0,"49":0,"50":0,"51":1,"52":0,"53":0,"54":0,"55":1,"56":0,"57":0,"58":1,"59":4,"60":4,"61":4,"62":4,"63":2,"64":2,"65":0,"66":0,"67":0,"68":0,"69":0,"70":0,"71":0,"72":0,"73":2,"74":2,"75":1},"f":{"0":1,"1":0,"2":0,"3":0,"4":0,"5":0,"6":0,"7":0,"8":0,"9":0,"10":0,"11":0,"12":0,"13":0,"14":0,"15":0,"16":0,"17":1,"18":4,"19":2},"b":{"0":[0,0,0,0]},"_coverageSchema":"1a1c01bbd47fc00a2c39e90264f33305004495a9","hash":"24d173d29dc67362cf646482e4945478805829af"}
}
